c:\users\pongpong\desktop\week13. physically based animation - mass-spring\empty_template\x64\release\vc140.pdb
c:\users\pongpong\desktop\week13. physically based animation - mass-spring\empty_template\x64\release\gl_view.obj
c:\users\pongpong\desktop\week13. physically based animation - mass-spring\empty_template\x64\release\gl2_world.obj
c:\users\pongpong\desktop\week13. physically based animation - mass-spring\empty_template\x64\release\gl2_shaderprogram.obj
c:\users\pongpong\desktop\week13. physically based animation - mass-spring\empty_template\x64\release\gl2_object.obj
c:\users\pongpong\desktop\week13. physically based animation - mass-spring\empty_template\x64\release\gl2_material.obj
c:\users\pongpong\desktop\week13. physically based animation - mass-spring\empty_template\x64\release\gl2_light.obj
c:\users\pongpong\desktop\week13. physically based animation - mass-spring\empty_template\x64\release\vertexoperations.obj
c:\users\pongpong\desktop\week13. physically based animation - mass-spring\empty_template\x64\release\statictriangularsurface.obj
c:\users\pongpong\desktop\week13. physically based animation - mass-spring\empty_template\x64\release\statictriangleoperations.obj
c:\users\pongpong\desktop\week13. physically based animation - mass-spring\empty_template\x64\release\objfilereader.obj
c:\users\pongpong\desktop\week13. physically based animation - mass-spring\empty_template\x64\release\meshsimplification.obj
c:\users\pongpong\desktop\week13. physically based animation - mass-spring\empty_template\x64\release\statictriangle.obj
c:\users\pongpong\desktop\week13. physically based animation - mass-spring\empty_template\x64\release\sphere3d.obj
c:\users\pongpong\desktop\week13. physically based animation - mass-spring\empty_template\x64\release\sphere2d.obj
c:\users\pongpong\desktop\week13. physically based animation - mass-spring\empty_template\x64\release\ray3d.obj
c:\users\pongpong\desktop\week13. physically based animation - mass-spring\empty_template\x64\release\plane.obj
c:\users\pongpong\desktop\week13. physically based animation - mass-spring\empty_template\x64\release\box3d.obj
c:\users\pongpong\desktop\week13. physically based animation - mass-spring\empty_template\x64\release\box2d.obj
c:\users\pongpong\desktop\week13. physically based animation - mass-spring\empty_template\x64\release\vectornd.obj
c:\users\pongpong\desktop\week13. physically based animation - mass-spring\empty_template\x64\release\array2d.obj
c:\users\pongpong\desktop\week13. physically based animation - mass-spring\empty_template\x64\release\quaternion.obj
c:\users\pongpong\desktop\week13. physically based animation - mass-spring\empty_template\x64\release\matrix3x3.obj
c:\users\pongpong\desktop\week13. physically based animation - mass-spring\empty_template\x64\release\matrix2x2.obj
c:\users\pongpong\desktop\week13. physically based animation - mass-spring\empty_template\x64\release\main.obj
c:\users\pongpong\desktop\week13. physically based animation - mass-spring\empty_template\x64\release\vcpkg.applocal.log
c:\users\pongpong\desktop\week13. physically based animation - mass-spring\empty_template\x64\release\glew32.dll
c:\users\pongpong\desktop\week13. physically based animation - mass-spring\empty_template\x64\release\empty_template.exe
c:\users\pongpong\desktop\week13. physically based animation - mass-spring\empty_template\x64\release\empty_template.ipdb
c:\users\pongpong\desktop\week13. physically based animation - mass-spring\empty_template\x64\release\empty_template.iobj
c:\users\pongpong\desktop\week13. physically based animation - mass-spring\empty_template\x64\release\empty_template.pdb
c:\users\pongpong\desktop\week13. physically based animation - mass-spring\empty_template\x64\release\empty_template.tlog\cl.command.1.tlog
c:\users\pongpong\desktop\week13. physically based animation - mass-spring\empty_template\x64\release\empty_template.tlog\cl.read.1.tlog
c:\users\pongpong\desktop\week13. physically based animation - mass-spring\empty_template\x64\release\empty_template.tlog\cl.write.1.tlog
c:\users\pongpong\desktop\week13. physically based animation - mass-spring\empty_template\x64\release\empty_template.tlog\empty_template.write.1u.tlog
c:\users\pongpong\desktop\week13. physically based animation - mass-spring\empty_template\x64\release\empty_template.tlog\link.command.1.tlog
c:\users\pongpong\desktop\week13. physically based animation - mass-spring\empty_template\x64\release\empty_template.tlog\link.read.1.tlog
c:\users\pongpong\desktop\week13. physically based animation - mass-spring\empty_template\x64\release\empty_template.tlog\link.write.1.tlog
