d:\zeikar\zeikar's world 4\학교자료\2017\1학기\컴퓨터그래픽스입문\프로젝트\minecraft opengl\프로젝트 - 2013111995 박현석\x64\debug\vc140.pdb
d:\zeikar\zeikar's world 4\학교자료\2017\1학기\컴퓨터그래픽스입문\프로젝트\minecraft opengl\프로젝트 - 2013111995 박현석\x64\debug\vc140.idb
d:\zeikar\zeikar's world 4\학교자료\2017\1학기\컴퓨터그래픽스입문\프로젝트\minecraft opengl\프로젝트 - 2013111995 박현석\x64\debug\sphere2d.obj
d:\zeikar\zeikar's world 4\학교자료\2017\1학기\컴퓨터그래픽스입문\프로젝트\minecraft opengl\프로젝트 - 2013111995 박현석\x64\debug\sphere3d.obj
d:\zeikar\zeikar's world 4\학교자료\2017\1학기\컴퓨터그래픽스입문\프로젝트\minecraft opengl\프로젝트 - 2013111995 박현석\x64\debug\statictriangle.obj
d:\zeikar\zeikar's world 4\학교자료\2017\1학기\컴퓨터그래픽스입문\프로젝트\minecraft opengl\프로젝트 - 2013111995 박현석\x64\debug\meshsimplification.obj
d:\zeikar\zeikar's world 4\학교자료\2017\1학기\컴퓨터그래픽스입문\프로젝트\minecraft opengl\프로젝트 - 2013111995 박현석\x64\debug\objfilereader.obj
d:\zeikar\zeikar's world 4\학교자료\2017\1학기\컴퓨터그래픽스입문\프로젝트\minecraft opengl\프로젝트 - 2013111995 박현석\x64\debug\statictriangleoperations.obj
d:\zeikar\zeikar's world 4\학교자료\2017\1학기\컴퓨터그래픽스입문\프로젝트\minecraft opengl\프로젝트 - 2013111995 박현석\x64\debug\statictriangularsurface.obj
d:\zeikar\zeikar's world 4\학교자료\2017\1학기\컴퓨터그래픽스입문\프로젝트\minecraft opengl\프로젝트 - 2013111995 박현석\x64\debug\vertexoperations.obj
d:\zeikar\zeikar's world 4\학교자료\2017\1학기\컴퓨터그래픽스입문\프로젝트\minecraft opengl\프로젝트 - 2013111995 박현석\x64\debug\gl2_light.obj
d:\zeikar\zeikar's world 4\학교자료\2017\1학기\컴퓨터그래픽스입문\프로젝트\minecraft opengl\프로젝트 - 2013111995 박현석\x64\debug\gl2_material.obj
d:\zeikar\zeikar's world 4\학교자료\2017\1학기\컴퓨터그래픽스입문\프로젝트\minecraft opengl\프로젝트 - 2013111995 박현석\x64\debug\gl2_object.obj
d:\zeikar\zeikar's world 4\학교자료\2017\1학기\컴퓨터그래픽스입문\프로젝트\minecraft opengl\프로젝트 - 2013111995 박현석\x64\debug\gl2_shaderprogram.obj
d:\zeikar\zeikar's world 4\학교자료\2017\1학기\컴퓨터그래픽스입문\프로젝트\minecraft opengl\프로젝트 - 2013111995 박현석\x64\debug\gl2_world.obj
d:\zeikar\zeikar's world 4\학교자료\2017\1학기\컴퓨터그래픽스입문\프로젝트\minecraft opengl\프로젝트 - 2013111995 박현석\x64\debug\gl_view.obj
d:\zeikar\zeikar's world 4\학교자료\2017\1학기\컴퓨터그래픽스입문\프로젝트\minecraft opengl\프로젝트 - 2013111995 박현석\x64\debug\graphics.obj
d:\zeikar\zeikar's world 4\학교자료\2017\1학기\컴퓨터그래픽스입문\프로젝트\minecraft opengl\프로젝트 - 2013111995 박현석\x64\debug\inputmanager.obj
d:\zeikar\zeikar's world 4\학교자료\2017\1학기\컴퓨터그래픽스입문\프로젝트\minecraft opengl\프로젝트 - 2013111995 박현석\x64\debug\main.obj
d:\zeikar\zeikar's world 4\학교자료\2017\1학기\컴퓨터그래픽스입문\프로젝트\minecraft opengl\프로젝트 - 2013111995 박현석\x64\debug\matrix2x2.obj
d:\zeikar\zeikar's world 4\학교자료\2017\1학기\컴퓨터그래픽스입문\프로젝트\minecraft opengl\프로젝트 - 2013111995 박현석\x64\debug\matrix3x3.obj
d:\zeikar\zeikar's world 4\학교자료\2017\1학기\컴퓨터그래픽스입문\프로젝트\minecraft opengl\프로젝트 - 2013111995 박현석\x64\debug\quaternion.obj
d:\zeikar\zeikar's world 4\학교자료\2017\1학기\컴퓨터그래픽스입문\프로젝트\minecraft opengl\프로젝트 - 2013111995 박현석\x64\debug\cameracontrol.obj
d:\zeikar\zeikar's world 4\학교자료\2017\1학기\컴퓨터그래픽스입문\프로젝트\minecraft opengl\프로젝트 - 2013111995 박현석\x64\debug\array2d.obj
d:\zeikar\zeikar's world 4\학교자료\2017\1학기\컴퓨터그래픽스입문\프로젝트\minecraft opengl\프로젝트 - 2013111995 박현석\x64\debug\vectornd.obj
d:\zeikar\zeikar's world 4\학교자료\2017\1학기\컴퓨터그래픽스입문\프로젝트\minecraft opengl\프로젝트 - 2013111995 박현석\x64\debug\gamemanager.obj
d:\zeikar\zeikar's world 4\학교자료\2017\1학기\컴퓨터그래픽스입문\프로젝트\minecraft opengl\프로젝트 - 2013111995 박현석\x64\debug\gameobject.obj
d:\zeikar\zeikar's world 4\학교자료\2017\1학기\컴퓨터그래픽스입문\프로젝트\minecraft opengl\프로젝트 - 2013111995 박현석\x64\debug\gameobjectmanager.obj
d:\zeikar\zeikar's world 4\학교자료\2017\1학기\컴퓨터그래픽스입문\프로젝트\minecraft opengl\프로젝트 - 2013111995 박현석\x64\debug\box2d.obj
d:\zeikar\zeikar's world 4\학교자료\2017\1학기\컴퓨터그래픽스입문\프로젝트\minecraft opengl\프로젝트 - 2013111995 박현석\x64\debug\box3d.obj
d:\zeikar\zeikar's world 4\학교자료\2017\1학기\컴퓨터그래픽스입문\프로젝트\minecraft opengl\프로젝트 - 2013111995 박현석\x64\debug\plane.obj
d:\zeikar\zeikar's world 4\학교자료\2017\1학기\컴퓨터그래픽스입문\프로젝트\minecraft opengl\프로젝트 - 2013111995 박현석\x64\debug\ray3d.obj
d:\zeikar\zeikar's world 4\학교자료\2017\1학기\컴퓨터그래픽스입문\프로젝트\minecraft opengl\프로젝트 - 2013111995 박현석\x64\debug\empty_template.ilk
d:\zeikar\zeikar's world 4\학교자료\2017\1학기\컴퓨터그래픽스입문\프로젝트\minecraft opengl\프로젝트 - 2013111995 박현석\x64\debug\empty_template.exe
d:\zeikar\zeikar's world 4\학교자료\2017\1학기\컴퓨터그래픽스입문\프로젝트\minecraft opengl\프로젝트 - 2013111995 박현석\x64\debug\empty_template.pdb
d:\zeikar\zeikar's world 4\학교자료\2017\1학기\컴퓨터그래픽스입문\프로젝트\minecraft opengl\프로젝트 - 2013111995 박현석\x64\debug\gamemanager.obj.enc
d:\zeikar\zeikar's world 4\학교자료\2017\1학기\컴퓨터그래픽스입문\프로젝트\minecraft opengl\프로젝트 - 2013111995 박현석\x64\debug\gameobject.obj.enc
d:\zeikar\zeikar's world 4\학교자료\2017\1학기\컴퓨터그래픽스입문\프로젝트\minecraft opengl\프로젝트 - 2013111995 박현석\x64\debug\gameobjectmanager.obj.enc
d:\zeikar\zeikar's world 4\학교자료\2017\1학기\컴퓨터그래픽스입문\프로젝트\minecraft opengl\프로젝트 - 2013111995 박현석\x64\debug\gl2_object.obj.enc
d:\zeikar\zeikar's world 4\학교자료\2017\1학기\컴퓨터그래픽스입문\프로젝트\minecraft opengl\프로젝트 - 2013111995 박현석\x64\debug\main.obj.enc
d:\zeikar\zeikar's world 4\학교자료\2017\1학기\컴퓨터그래픽스입문\프로젝트\minecraft opengl\프로젝트 - 2013111995 박현석\x64\debug\meshsimplification.obj.enc
d:\zeikar\zeikar's world 4\학교자료\2017\1학기\컴퓨터그래픽스입문\프로젝트\minecraft opengl\프로젝트 - 2013111995 박현석\x64\debug\objfilereader.obj.enc
d:\zeikar\zeikar's world 4\학교자료\2017\1학기\컴퓨터그래픽스입문\프로젝트\minecraft opengl\프로젝트 - 2013111995 박현석\x64\debug\statictriangle.obj.enc
d:\zeikar\zeikar's world 4\학교자료\2017\1학기\컴퓨터그래픽스입문\프로젝트\minecraft opengl\프로젝트 - 2013111995 박현석\x64\debug\statictriangleoperations.obj.enc
d:\zeikar\zeikar's world 4\학교자료\2017\1학기\컴퓨터그래픽스입문\프로젝트\minecraft opengl\프로젝트 - 2013111995 박현석\x64\debug\statictriangularsurface.obj.enc
d:\zeikar\zeikar's world 4\학교자료\2017\1학기\컴퓨터그래픽스입문\프로젝트\minecraft opengl\프로젝트 - 2013111995 박현석\x64\debug\vertexoperations.obj.enc
d:\zeikar\zeikar's world 4\학교자료\2017\1학기\컴퓨터그래픽스입문\프로젝트\minecraft opengl\프로젝트 - 2013111995 박현석\x64\debug\empty_template.tlog\cl.command.1.tlog
d:\zeikar\zeikar's world 4\학교자료\2017\1학기\컴퓨터그래픽스입문\프로젝트\minecraft opengl\프로젝트 - 2013111995 박현석\x64\debug\empty_template.tlog\cl.read.1.tlog
d:\zeikar\zeikar's world 4\학교자료\2017\1학기\컴퓨터그래픽스입문\프로젝트\minecraft opengl\프로젝트 - 2013111995 박현석\x64\debug\empty_template.tlog\cl.write.1.tlog
d:\zeikar\zeikar's world 4\학교자료\2017\1학기\컴퓨터그래픽스입문\프로젝트\minecraft opengl\프로젝트 - 2013111995 박현석\x64\debug\empty_template.tlog\empty_template.write.1u.tlog
d:\zeikar\zeikar's world 4\학교자료\2017\1학기\컴퓨터그래픽스입문\프로젝트\minecraft opengl\프로젝트 - 2013111995 박현석\x64\debug\empty_template.tlog\link.command.1.tlog
d:\zeikar\zeikar's world 4\학교자료\2017\1학기\컴퓨터그래픽스입문\프로젝트\minecraft opengl\프로젝트 - 2013111995 박현석\x64\debug\empty_template.tlog\link.read.1.tlog
d:\zeikar\zeikar's world 4\학교자료\2017\1학기\컴퓨터그래픽스입문\프로젝트\minecraft opengl\프로젝트 - 2013111995 박현석\x64\debug\empty_template.tlog\link.write.1.tlog
